  fifo.c
c:\users\heye\desktop\wireless_bt\ref\logging_tool\straight c sample\fifo.c(26): warning C4013: “memset”未定义；假设外部返回 int
  main.c
c:\users\heye\desktop\wireless_bt\ref\logging_tool\straight c sample\main.c(57): warning C4047: “函数”:“DWORD”与“void *”的间接级别不同
c:\users\heye\desktop\wireless_bt\ref\logging_tool\straight c sample\main.c(57): warning C4024: “OpenMutexA”: 形参和实参 1 的类型不同
c:\users\heye\desktop\wireless_bt\ref\logging_tool\straight c sample\main.c(57): warning C4047: “函数”:“BOOL”与“HANDLE”的间接级别不同
c:\users\heye\desktop\wireless_bt\ref\logging_tool\straight c sample\main.c(57): warning C4024: “OpenMutexA”: 形参和实参 2 的类型不同
c:\users\heye\desktop\wireless_bt\ref\logging_tool\straight c sample\main.c(57): warning C4047: “return”:“BOOL”与“HANDLE”的间接级别不同
c:\users\heye\desktop\wireless_bt\ref\logging_tool\straight c sample\main.c(235): warning C4456: “i”的声明隐藏了上一个本地声明
  c:\users\heye\desktop\wireless_bt\ref\logging_tool\straight c sample\main.c(90): note: 参见“i”的声明
c:\users\heye\desktop\wireless_bt\ref\logging_tool\straight c sample\main.c(242): warning C4133: “函数”: 从“char [100]”到“LPCWSTR”的类型不兼容
c:\users\heye\desktop\wireless_bt\ref\logging_tool\straight c sample\main.c(244): warning C4133: “函数”: 从“const char *”到“LPCWSTR”的类型不兼容
c:\users\heye\desktop\wireless_bt\ref\logging_tool\straight c sample\main.c(254): warning C4047: “函数”:“LPDWORD”与“HANDLE *”的间接级别不同
c:\users\heye\desktop\wireless_bt\ref\logging_tool\straight c sample\main.c(254): warning C4024: “CreateThread”: 形参和实参 6 的类型不同
c:\users\heye\desktop\wireless_bt\ref\logging_tool\straight c sample\main.c(254): warning C4047: “=”:“DWORD”与“HANDLE”的间接级别不同
c:\users\heye\desktop\wireless_bt\ref\logging_tool\straight c sample\main.c(402): warning C4459: “hci_log”的声明隐藏了全局声明
  c:\users\heye\desktop\wireless_bt\ref\logging_tool\straight c sample\main.c(330): note: 参见“hci_log”的声明
  serial_port.c
c:\users\heye\desktop\wireless_bt\ref\logging_tool\straight c sample\serial_port.c(24): warning C4057: “函数”:“LPDWORD”与“unsigned int *”在稍微不同的基类型间接寻址上不同
c:\users\heye\desktop\wireless_bt\ref\logging_tool\straight c sample\serial_port.c(9): warning C4100: “lpParam”: 未引用的形参
c:\users\heye\desktop\wireless_bt\ref\logging_tool\straight c sample\serial_port.c(14): warning C4189: “dwEventMask”: 局部变量已初始化但不引用
c:\users\heye\desktop\wireless_bt\ref\logging_tool\straight c sample\serial_port.c(25): warning C4189: “error”: 局部变量已初始化但不引用
c:\users\heye\desktop\wireless_bt\ref\logging_tool\straight c sample\serial_port.c(106): warning C4133: “函数”: 从“LPCWSTR”到“LPCSTR”的类型不兼容
c:\users\heye\desktop\wireless_bt\ref\logging_tool\straight c sample\serial_port.c(175): warning C4057: “函数”:“LPDWORD”与“unsigned int *”在稍微不同的基类型间接寻址上不同
  正在生成代码...
c:\users\heye\desktop\wireless_bt\ref\logging_tool\straight c sample\main.c(422): warning C4701: 使用了可能未初始化的局部变量“hci_data_type”
c:\users\heye\desktop\wireless_bt\ref\logging_tool\straight c sample\main.c(422): warning C4701: 使用了可能未初始化的局部变量“hci_log_direction”
fifo.obj : warning LNK4075: 忽略“/EDITANDCONTINUE”(由于“/SAFESEH”规范)
  csample.vcxproj -> C:\Users\heye\Desktop\wireless_bt\ref\logging_tool\Straight C Sample\Debug\CSample.exe
